<?xml version="1.0" encoding="UTF-8"?>
<testng-results ignored="0" total="4" passed="4" failed="0" skipped="0">
  <reporter-output>
  </reporter-output>
  <suite started-at="2025-03-25T12:51:24 IST" name="Suite" finished-at="2025-03-25T12:51:37 IST" duration-ms="12496">
    <groups>
    </groups>
    <test started-at="2025-03-25T12:51:24 IST" name="Test" finished-at="2025-03-25T12:51:37 IST" duration-ms="12496">
      <class name="tests.Test1">
        <test-method is-config="true" signature="beforeTest(java.lang.String,java.lang.String)[pri:0, instance:tests.Test1@6f03482]" started-at="2025-03-25T12:51:24 IST" name="beforeTest" finished-at="2025-03-25T12:51:29 IST" duration-ms="4306" status="PASS">
          <params>
            <param index="0">
              <value>
                <![CDATA[Firefox]]>
              </value>
            </param>
            <param index="1">
              <value>
                <![CDATA[https://www.saucedemo.com/v1/]]>
              </value>
            </param>
          </params>
          <reporter-output>
          </reporter-output>
        </test-method> <!-- beforeTest -->
        <test-method signature="testPageLoad()[pri:1, instance:tests.Test1@6f03482]" started-at="2025-03-25T12:51:29 IST" name="testPageLoad" finished-at="2025-03-25T12:51:29 IST" duration-ms="46" status="PASS">
          <reporter-output>
          </reporter-output>
        </test-method> <!-- testPageLoad -->
        <test-method signature="loginSwagLabs(java.lang.String,java.lang.String)[pri:2, instance:tests.Test1@6f03482]" started-at="2025-03-25T12:51:30 IST" name="loginSwagLabs" data-provider="excelCredentials" finished-at="2025-03-25T12:51:31 IST" duration-ms="1270" status="PASS">
          <params>
            <param index="0">
              <value>
                <![CDATA[standard_user]]>
              </value>
            </param>
            <param index="1">
              <value>
                <![CDATA[secret_sauce]]>
              </value>
            </param>
          </params>
          <reporter-output>
          </reporter-output>
        </test-method> <!-- loginSwagLabs -->
        <test-method signature="loginSwagLabs(java.lang.String,java.lang.String)[pri:2, instance:tests.Test1@6f03482]" started-at="2025-03-25T12:51:31 IST" name="loginSwagLabs" data-provider="excelCredentials" finished-at="2025-03-25T12:51:31 IST" duration-ms="484" status="PASS">
          <params>
            <param index="0">
              <value>
                <![CDATA[problem_user]]>
              </value>
            </param>
            <param index="1">
              <value>
                <![CDATA[secret_sauce]]>
              </value>
            </param>
          </params>
          <reporter-output>
          </reporter-output>
        </test-method> <!-- loginSwagLabs -->
        <test-method signature="loginSwagLabs(java.lang.String,java.lang.String)[pri:2, instance:tests.Test1@6f03482]" started-at="2025-03-25T12:51:31 IST" name="loginSwagLabs" data-provider="excelCredentials" finished-at="2025-03-25T12:51:37 IST" duration-ms="5448" status="PASS">
          <params>
            <param index="0">
              <value>
                <![CDATA[performance_glitch_user]]>
              </value>
            </param>
            <param index="1">
              <value>
                <![CDATA[secret_sauce]]>
              </value>
            </param>
          </params>
          <reporter-output>
          </reporter-output>
        </test-method> <!-- loginSwagLabs -->
        <test-method is-config="true" signature="afterTest()[pri:0, instance:tests.Test1@6f03482]" started-at="2025-03-25T12:51:37 IST" name="afterTest" finished-at="2025-03-25T12:51:37 IST" duration-ms="0" status="PASS">
          <reporter-output>
          </reporter-output>
        </test-method> <!-- afterTest -->
      </class> <!-- tests.Test1 -->
    </test> <!-- Test -->
  </suite> <!-- Suite -->
</testng-results>
